c:\users\кирилл\desktop\4 семестр\алгоритмы структуры данных(оп)\программы\таблицы\table\table\debug\table.pch
c:\users\кирилл\desktop\4 семестр\алгоритмы структуры данных(оп)\программы\таблицы\table\table\debug\vc120.pdb
c:\users\кирилл\desktop\4 семестр\алгоритмы структуры данных(оп)\программы\таблицы\table\table\debug\vc120.idb
c:\users\кирилл\desktop\4 семестр\алгоритмы структуры данных(оп)\программы\таблицы\table\table\debug\stdafx.obj
c:\users\кирилл\desktop\4 семестр\алгоритмы структуры данных(оп)\программы\таблицы\table\table\debug\table.obj
c:\users\кирилл\desktop\4 семестр\алгоритмы структуры данных(оп)\программы\таблицы\table\debug\table.ilk
c:\users\кирилл\desktop\4 семестр\алгоритмы структуры данных(оп)\программы\таблицы\table\debug\table.exe
c:\users\кирилл\desktop\4 семестр\алгоритмы структуры данных(оп)\программы\таблицы\table\debug\table.pdb
c:\users\sid\downloads\таблицы\table\table\debug\stdafx.obj
c:\users\sid\downloads\таблицы\table\table\debug\table.obj
c:\users\sid\downloads\таблицы\table\table\debug\table.pch
c:\users\sid\downloads\таблицы\table\table\debug\vc120.idb
c:\users\sid\downloads\таблицы\table\table\debug\vc120.pdb
c:\users\sid\downloads\таблицы\table\debug\table.pdb
c:\users\sid\downloads\таблицы\table\debug\table.exe
c:\users\sid\downloads\таблицы\table\debug\table.ilk
c:\users\sid\downloads\таблицы\table\table\debug\table.tlog\cl.command.1.tlog
c:\users\sid\downloads\таблицы\table\table\debug\table.tlog\cl.read.1.tlog
c:\users\sid\downloads\таблицы\table\table\debug\table.tlog\cl.write.1.tlog
c:\users\sid\downloads\таблицы\table\table\debug\table.tlog\link.command.1.tlog
c:\users\sid\downloads\таблицы\table\table\debug\table.tlog\link.read.1.tlog
c:\users\sid\downloads\таблицы\table\table\debug\table.tlog\link.write.1.tlog
